[ 2019-05-10T19:29:13+08:00 ] ::1 ::1 GET /public/
[ log ] localhost:8090/public/ [运行时间：0.533808s][吞吐率：1.87req/s] [内存消耗：1,076.76kb] [文件加载：40]
[ info ] [ LANG ] F:\php\WWW\tp5\tp\thinkphp\lang\zh-cn.php
[ info ] [ ROUTE ] array (
  'type' => 'module',
  'module' => 
  array (
    0 => '',
    1 => NULL,
    2 => NULL,
  ),
)
[ info ] [ HEADER ] array (
  'cookie' => '_ga=GA1.1.1195319806.1556801625; PHPSESSID=q98uafb5vl20mvl1lc46iqfqu3',
  'accept-language' => 'zh-CN,zh;q=0.9',
  'accept-encoding' => 'gzip, deflate, br',
  'accept' => 'text/html,application/xhtml+xml,application/xml;q=0.9,image/webp,image/apng,*/*;q=0.8',
  'user-agent' => 'Mozilla/5.0 (Windows NT 10.0; Win64; x64) AppleWebKit/537.36 (KHTML, like Gecko) Chrome/69.0.3497.92 Safari/537.36',
  'upgrade-insecure-requests' => '1',
  'cache-control' => 'max-age=0',
  'connection' => 'close',
  'host' => 'localhost:8090',
)
[ info ] [ PARAM ] array (
)
[ info ] [ RUN ] app\index\controller\Index->index[ F:\php\WWW\tp5\tp\application\index\controller\Index.php ]
[ info ] [ LOG ] INIT File

---------------------------------------------------------------
[ 2019-05-10T19:29:20+08:00 ] ::1 ::1 GET /public/
[ log ] localhost:8090/public/ [运行时间：0.097375s][吞吐率：10.27req/s] [内存消耗：1,076.89kb] [文件加载：40]
[ info ] [ LANG ] F:\php\WWW\tp5\tp\thinkphp\lang\zh-cn.php
[ info ] [ ROUTE ] array (
  'type' => 'module',
  'module' => 
  array (
    0 => '',
    1 => NULL,
    2 => NULL,
  ),
)
[ info ] [ HEADER ] array (
  'cookie' => 'Phpstorm-b6161754=5330c403-6bdb-44d7-9f23-6c26c3feddb0; _ga=GA1.1.1195319806.1556801625; PHPSESSID=q98uafb5vl20mvl1lc46iqfqu3',
  'accept-language' => 'zh-CN,zh;q=0.9',
  'accept-encoding' => 'gzip, deflate, br',
  'accept' => 'text/html,application/xhtml+xml,application/xml;q=0.9,image/webp,image/apng,*/*;q=0.8',
  'user-agent' => 'Mozilla/5.0 (Windows NT 10.0; Win64; x64) AppleWebKit/537.36 (KHTML, like Gecko) Chrome/69.0.3497.92 Safari/537.36',
  'upgrade-insecure-requests' => '1',
  'connection' => 'close',
  'host' => 'localhost:8090',
)
[ info ] [ PARAM ] array (
)
[ info ] [ RUN ] app\index\controller\Index->index[ F:\php\WWW\tp5\tp\application\index\controller\Index.php ]
[ info ] [ LOG ] INIT File

---------------------------------------------------------------
